This file contains any messages produced by compilers while
running configure, to aid debugging if configure makes a mistake.

It was created by libvirt-php configure 0.5.4, which was
generated by GNU Autoconf 2.69.  Invocation command line was

  $ ./configure 

## --------- ##
## Platform. ##
## --------- ##

hostname = ubuntu
uname -m = x86_64
uname -r = 4.4.0-169-generic
uname -s = Linux
uname -v = #198-Ubuntu SMP Tue Nov 12 10:38:00 UTC 2019

/usr/bin/uname -p = unknown
/bin/uname -X     = unknown

/bin/arch              = unknown
/usr/bin/arch -k       = unknown
/usr/convex/getsysinfo = unknown
/usr/bin/hostinfo      = unknown
/bin/machine           = unknown
/usr/bin/oslevel       = unknown
/bin/universe          = unknown

PATH: /opt/sp/php7.1/bin
PATH: /home/remi/bin
PATH: /home/remi/.local/bin
PATH: /usr/local/sbin
PATH: /usr/local/bin
PATH: /usr/sbin
PATH: /usr/bin
PATH: /sbin
PATH: /bin
PATH: /usr/games
PATH: /usr/local/games
PATH: /snap/bin


## ----------- ##
## Core tests. ##
## ----------- ##

configure:2341: checking for a BSD-compatible install
configure:2409: result: /usr/bin/install -c
configure:2420: checking whether build environment is sane
configure:2475: result: yes
configure:2626: checking for a thread-safe mkdir -p
configure:2665: result: /bin/mkdir -p
configure:2672: checking for gawk
configure:2688: found /usr/bin/gawk
configure:2699: result: gawk
configure:2710: checking whether make sets $(MAKE)
configure:2732: result: yes
configure:2761: checking whether make supports nested variables
configure:2778: result: yes
configure:2905: checking whether to enable maintainer-specific portions of Makefiles
configure:2914: result: yes
configure:2939: checking for style of include used by make
configure:2967: result: GNU
configure:3038: checking for gcc
configure:3054: found /usr/bin/gcc
configure:3065: result: gcc
configure:3294: checking for C compiler version
configure:3303: gcc --version >&5
gcc (Ubuntu 5.4.0-6ubuntu1~16.04.12) 5.4.0 20160609
Copyright (C) 2015 Free Software Foundation, Inc.
This is free software; see the source for copying conditions.  There is NO
warranty; not even for MERCHANTABILITY or FITNESS FOR A PARTICULAR PURPOSE.

configure:3314: $? = 0
configure:3303: gcc -v >&5
Using built-in specs.
COLLECT_GCC=gcc
COLLECT_LTO_WRAPPER=/usr/lib/gcc/x86_64-linux-gnu/5/lto-wrapper
Target: x86_64-linux-gnu
Configured with: ../src/configure -v --with-pkgversion='Ubuntu 5.4.0-6ubuntu1~16.04.12' --with-bugurl=file:///usr/share/doc/gcc-5/README.Bugs --enable-languages=c,ada,c++,java,go,d,fortran,objc,obj-c++ --prefix=/usr --program-suffix=-5 --enable-shared --enable-linker-build-id --libexecdir=/usr/lib --without-included-gettext --enable-threads=posix --libdir=/usr/lib --enable-nls --with-sysroot=/ --enable-clocale=gnu --enable-libstdcxx-debug --enable-libstdcxx-time=yes --with-default-libstdcxx-abi=new --enable-gnu-unique-object --disable-vtable-verify --enable-libmpx --enable-plugin --with-system-zlib --disable-browser-plugin --enable-java-awt=gtk --enable-gtk-cairo --with-java-home=/usr/lib/jvm/java-1.5.0-gcj-5-amd64/jre --enable-java-home --with-jvm-root-dir=/usr/lib/jvm/java-1.5.0-gcj-5-amd64 --with-jvm-jar-dir=/usr/lib/jvm-exports/java-1.5.0-gcj-5-amd64 --with-arch-directory=amd64 --with-ecj-jar=/usr/share/java/eclipse-ecj.jar --enable-objc-gc --enable-multiarch --disable-werror --with-arch-32=i686 --with-abi=m64 --with-multilib-list=m32,m64,mx32 --enable-multilib --with-tune=generic --enable-checking=release --build=x86_64-linux-gnu --host=x86_64-linux-gnu --target=x86_64-linux-gnu
Thread model: posix
gcc version 5.4.0 20160609 (Ubuntu 5.4.0-6ubuntu1~16.04.12) 
configure:3314: $? = 0
configure:3303: gcc -V >&5
gcc: error: unrecognized command line option '-V'
gcc: fatal error: no input files
compilation terminated.
configure:3314: $? = 1
configure:3303: gcc -qversion >&5
gcc: error: unrecognized command line option '-qversion'
gcc: fatal error: no input files
compilation terminated.
configure:3314: $? = 1
configure:3334: checking whether the C compiler works
configure:3356: gcc    conftest.c  >&5
configure:3360: $? = 0
configure:3408: result: yes
configure:3411: checking for C compiler default output file name
configure:3413: result: a.out
configure:3419: checking for suffix of executables
configure:3426: gcc -o conftest    conftest.c  >&5
configure:3430: $? = 0
configure:3452: result: 
configure:3474: checking whether we are cross compiling
configure:3482: gcc -o conftest    conftest.c  >&5
configure:3486: $? = 0
configure:3493: ./conftest
configure:3497: $? = 0
configure:3512: result: no
configure:3517: checking for suffix of object files
configure:3539: gcc -c   conftest.c >&5
configure:3543: $? = 0
configure:3564: result: o
configure:3568: checking whether we are using the GNU C compiler
configure:3587: gcc -c   conftest.c >&5
configure:3587: $? = 0
configure:3596: result: yes
configure:3605: checking whether gcc accepts -g
configure:3625: gcc -c -g  conftest.c >&5
configure:3625: $? = 0
configure:3666: result: yes
configure:3683: checking for gcc option to accept ISO C89
configure:3746: gcc  -c -g -O2  conftest.c >&5
configure:3746: $? = 0
configure:3759: result: none needed
configure:3784: checking whether gcc understands -c and -o together
configure:3806: gcc -c conftest.c -o conftest2.o
configure:3809: $? = 0
configure:3806: gcc -c conftest.c -o conftest2.o
configure:3809: $? = 0
configure:3821: result: yes
configure:3840: checking dependency style of gcc
configure:3951: result: gcc3
configure:3972: checking how to run the C preprocessor
configure:4003: gcc -E  conftest.c
configure:4003: $? = 0
configure:4017: gcc -E  conftest.c
conftest.c:11:28: fatal error: ac_nonexistent.h: No such file or directory
compilation terminated.
configure:4017: $? = 1
configure: failed program was:
| /* confdefs.h */
| #define PACKAGE_NAME "libvirt-php"
| #define PACKAGE_TARNAME "libvirt-php"
| #define PACKAGE_VERSION "0.5.4"
| #define PACKAGE_STRING "libvirt-php 0.5.4"
| #define PACKAGE_BUGREPORT "libvir-list@redhat.com"
| #define PACKAGE_URL "http://libvirt.org"
| #define PACKAGE "libvirt-php"
| #define VERSION "0.5.4"
| /* end confdefs.h.  */
| #include <ac_nonexistent.h>
configure:4042: result: gcc -E
configure:4062: gcc -E  conftest.c
configure:4062: $? = 0
configure:4076: gcc -E  conftest.c
conftest.c:11:28: fatal error: ac_nonexistent.h: No such file or directory
compilation terminated.
configure:4076: $? = 1
configure: failed program was:
| /* confdefs.h */
| #define PACKAGE_NAME "libvirt-php"
| #define PACKAGE_TARNAME "libvirt-php"
| #define PACKAGE_VERSION "0.5.4"
| #define PACKAGE_STRING "libvirt-php 0.5.4"
| #define PACKAGE_BUGREPORT "libvir-list@redhat.com"
| #define PACKAGE_URL "http://libvirt.org"
| #define PACKAGE "libvirt-php"
| #define VERSION "0.5.4"
| /* end confdefs.h.  */
| #include <ac_nonexistent.h>
configure:4105: checking for grep that handles long lines and -e
configure:4163: result: /bin/grep
configure:4168: checking for egrep
configure:4230: result: /bin/grep -E
configure:4235: checking for ANSI C header files
configure:4255: gcc -c -g -O2  conftest.c >&5
configure:4255: $? = 0
configure:4328: gcc -o conftest -g -O2   conftest.c  >&5
configure:4328: $? = 0
configure:4328: ./conftest
configure:4328: $? = 0
configure:4339: result: yes
configure:4352: checking for sys/types.h
configure:4352: gcc -c -g -O2  conftest.c >&5
configure:4352: $? = 0
configure:4352: result: yes
configure:4352: checking for sys/stat.h
configure:4352: gcc -c -g -O2  conftest.c >&5
configure:4352: $? = 0
configure:4352: result: yes
configure:4352: checking for stdlib.h
configure:4352: gcc -c -g -O2  conftest.c >&5
configure:4352: $? = 0
configure:4352: result: yes
configure:4352: checking for string.h
configure:4352: gcc -c -g -O2  conftest.c >&5
configure:4352: $? = 0
configure:4352: result: yes
configure:4352: checking for memory.h
configure:4352: gcc -c -g -O2  conftest.c >&5
configure:4352: $? = 0
configure:4352: result: yes
configure:4352: checking for strings.h
configure:4352: gcc -c -g -O2  conftest.c >&5
configure:4352: $? = 0
configure:4352: result: yes
configure:4352: checking for inttypes.h
configure:4352: gcc -c -g -O2  conftest.c >&5
configure:4352: $? = 0
configure:4352: result: yes
configure:4352: checking for stdint.h
configure:4352: gcc -c -g -O2  conftest.c >&5
configure:4352: $? = 0
configure:4352: result: yes
configure:4352: checking for unistd.h
configure:4352: gcc -c -g -O2  conftest.c >&5
configure:4352: $? = 0
configure:4352: result: yes
configure:4365: checking minix/config.h usability
configure:4365: gcc -c -g -O2  conftest.c >&5
conftest.c:54:26: fatal error: minix/config.h: No such file or directory
compilation terminated.
configure:4365: $? = 1
configure: failed program was:
| /* confdefs.h */
| #define PACKAGE_NAME "libvirt-php"
| #define PACKAGE_TARNAME "libvirt-php"
| #define PACKAGE_VERSION "0.5.4"
| #define PACKAGE_STRING "libvirt-php 0.5.4"
| #define PACKAGE_BUGREPORT "libvir-list@redhat.com"
| #define PACKAGE_URL "http://libvirt.org"
| #define PACKAGE "libvirt-php"
| #define VERSION "0.5.4"
| #define STDC_HEADERS 1
| #define HAVE_SYS_TYPES_H 1
| #define HAVE_SYS_STAT_H 1
| #define HAVE_STDLIB_H 1
| #define HAVE_STRING_H 1
| #define HAVE_MEMORY_H 1
| #define HAVE_STRINGS_H 1
| #define HAVE_INTTYPES_H 1
| #define HAVE_STDINT_H 1
| #define HAVE_UNISTD_H 1
| /* end confdefs.h.  */
| #include <stdio.h>
| #ifdef HAVE_SYS_TYPES_H
| # include <sys/types.h>
| #endif
| #ifdef HAVE_SYS_STAT_H
| # include <sys/stat.h>
| #endif
| #ifdef STDC_HEADERS
| # include <stdlib.h>
| # include <stddef.h>
| #else
| # ifdef HAVE_STDLIB_H
| #  include <stdlib.h>
| # endif
| #endif
| #ifdef HAVE_STRING_H
| # if !defined STDC_HEADERS && defined HAVE_MEMORY_H
| #  include <memory.h>
| # endif
| # include <string.h>
| #endif
| #ifdef HAVE_STRINGS_H
| # include <strings.h>
| #endif
| #ifdef HAVE_INTTYPES_H
| # include <inttypes.h>
| #endif
| #ifdef HAVE_STDINT_H
| # include <stdint.h>
| #endif
| #ifdef HAVE_UNISTD_H
| # include <unistd.h>
| #endif
| #include <minix/config.h>
configure:4365: result: no
configure:4365: checking minix/config.h presence
configure:4365: gcc -E  conftest.c
conftest.c:21:26: fatal error: minix/config.h: No such file or directory
compilation terminated.
configure:4365: $? = 1
configure: failed program was:
| /* confdefs.h */
| #define PACKAGE_NAME "libvirt-php"
| #define PACKAGE_TARNAME "libvirt-php"
| #define PACKAGE_VERSION "0.5.4"
| #define PACKAGE_STRING "libvirt-php 0.5.4"
| #define PACKAGE_BUGREPORT "libvir-list@redhat.com"
| #define PACKAGE_URL "http://libvirt.org"
| #define PACKAGE "libvirt-php"
| #define VERSION "0.5.4"
| #define STDC_HEADERS 1
| #define HAVE_SYS_TYPES_H 1
| #define HAVE_SYS_STAT_H 1
| #define HAVE_STDLIB_H 1
| #define HAVE_STRING_H 1
| #define HAVE_MEMORY_H 1
| #define HAVE_STRINGS_H 1
| #define HAVE_INTTYPES_H 1
| #define HAVE_STDINT_H 1
| #define HAVE_UNISTD_H 1
| /* end confdefs.h.  */
| #include <minix/config.h>
configure:4365: result: no
configure:4365: checking for minix/config.h
configure:4365: result: no
configure:4386: checking whether it is safe to define __EXTENSIONS__
configure:4404: gcc -c -g -O2  conftest.c >&5
configure:4404: $? = 0
configure:4411: result: yes
configure:4457: checking build system type
configure:4471: result: x86_64-pc-linux-gnu
configure:4491: checking host system type
configure:4504: result: x86_64-pc-linux-gnu
configure:4545: checking how to print strings
configure:4572: result: printf
configure:4593: checking for a sed that does not truncate output
configure:4657: result: /bin/sed
configure:4675: checking for fgrep
configure:4737: result: /bin/grep -F
configure:4772: checking for ld used by gcc
configure:4839: result: /usr/bin/ld
configure:4846: checking if the linker (/usr/bin/ld) is GNU ld
configure:4861: result: yes
configure:4873: checking for BSD- or MS-compatible name lister (nm)
configure:4927: result: /usr/bin/nm -B
configure:5057: checking the name lister (/usr/bin/nm -B) interface
configure:5064: gcc -c -g -O2  conftest.c >&5
configure:5067: /usr/bin/nm -B "conftest.o"
configure:5070: output
0000000000000000 B some_variable
configure:5077: result: BSD nm
configure:5080: checking whether ln -s works
configure:5084: result: yes
configure:5092: checking the maximum length of command line arguments
configure:5223: result: 1572864
configure:5271: checking how to convert x86_64-pc-linux-gnu file names to x86_64-pc-linux-gnu format
configure:5311: result: func_convert_file_noop
configure:5318: checking how to convert x86_64-pc-linux-gnu file names to toolchain format
configure:5338: result: func_convert_file_noop
configure:5345: checking for /usr/bin/ld option to reload object files
configure:5352: result: -r
configure:5426: checking for objdump
configure:5442: found /usr/bin/objdump
configure:5453: result: objdump
configure:5485: checking how to recognize dependent libraries
configure:5685: result: pass_all
configure:5770: checking for dlltool
configure:5800: result: no
configure:5830: checking how to associate runtime and link libraries
configure:5857: result: printf %s\n
configure:5917: checking for ar
configure:5933: found /usr/bin/ar
configure:5944: result: ar
configure:5981: checking for archiver @FILE support
configure:5998: gcc -c -g -O2  conftest.c >&5
configure:5998: $? = 0
configure:6001: ar cru libconftest.a @conftest.lst >&5
ar: `u' modifier ignored since `D' is the default (see `U')
configure:6004: $? = 0
configure:6009: ar cru libconftest.a @conftest.lst >&5
ar: `u' modifier ignored since `D' is the default (see `U')
ar: conftest.o: No such file or directory
configure:6012: $? = 1
configure:6024: result: @
configure:6082: checking for strip
configure:6098: found /usr/bin/strip
configure:6109: result: strip
configure:6181: checking for ranlib
configure:6197: found /usr/bin/ranlib
configure:6208: result: ranlib
configure:6310: checking command to parse /usr/bin/nm -B output from gcc object
configure:6463: gcc -c -g -O2  conftest.c >&5
configure:6466: $? = 0
configure:6470: /usr/bin/nm -B conftest.o \| sed -n -e 's/^.*[ ]\([ABCDGIRSTW][ABCDGIRSTW]*\)[ ][ ]*\([_A-Za-z][_A-Za-z0-9]*\)$/\1 \2 \2/p' | sed '/ __gnu_lto/d' \> conftest.nm
configure:6473: $? = 0
configure:6539: gcc -o conftest -g -O2   conftest.c conftstm.o >&5
configure:6542: $? = 0
configure:6580: result: ok
configure:6627: checking for sysroot
configure:6657: result: no
configure:6664: checking for a working dd
configure:6702: result: /bin/dd
configure:6706: checking how to truncate binary pipes
configure:6721: result: /bin/dd bs=4096 count=1
configure:6857: gcc -c -g -O2  conftest.c >&5
configure:6860: $? = 0
configure:7050: checking for mt
configure:7066: found /bin/mt
configure:7077: result: mt
configure:7100: checking if mt is a manifest tool
configure:7106: mt '-?'
configure:7114: result: no
configure:7788: checking for dlfcn.h
configure:7788: gcc -c -g -O2  conftest.c >&5
configure:7788: $? = 0
configure:7788: result: yes
configure:8042: checking for objdir
configure:8057: result: .libs
configure:8321: checking if gcc supports -fno-rtti -fno-exceptions
configure:8339: gcc -c -g -O2  -fno-rtti -fno-exceptions conftest.c >&5
cc1: warning: command line option '-fno-rtti' is valid for C++/ObjC++ but not for C
configure:8343: $? = 0
configure:8356: result: no
configure:8714: checking for gcc option to produce PIC
configure:8721: result: -fPIC -DPIC
configure:8729: checking if gcc PIC flag -fPIC -DPIC works
configure:8747: gcc -c -g -O2  -fPIC -DPIC -DPIC conftest.c >&5
configure:8751: $? = 0
configure:8764: result: yes
configure:8793: checking if gcc static flag -static works
configure:8821: result: yes
configure:8836: checking if gcc supports -c -o file.o
configure:8857: gcc -c -g -O2  -o out/conftest2.o conftest.c >&5
configure:8861: $? = 0
configure:8883: result: yes
configure:8891: checking if gcc supports -c -o file.o
configure:8938: result: yes
configure:8971: checking whether the gcc linker (/usr/bin/ld -m elf_x86_64) supports shared libraries
configure:10230: result: yes
configure:10267: checking whether -lc should be explicitly linked in
configure:10275: gcc -c -g -O2  conftest.c >&5
configure:10278: $? = 0
configure:10293: gcc -shared  -fPIC -DPIC conftest.o  -v -Wl,-soname -Wl,conftest -o conftest 2\>\&1 \| /bin/grep  -lc  \>/dev/null 2\>\&1
configure:10296: $? = 0
configure:10310: result: no
configure:10470: checking dynamic linker characteristics
configure:11064: gcc -o conftest -g -O2   -Wl,-rpath -Wl,/foo conftest.c  >&5
configure:11064: $? = 0
configure:11301: result: GNU/Linux ld.so
configure:11423: checking how to hardcode library paths into programs
configure:11448: result: immediate
configure:11996: checking whether stripping libraries is possible
configure:12001: result: yes
configure:12036: checking if libtool supports shared libraries
configure:12038: result: yes
configure:12041: checking whether to build shared libraries
configure:12066: result: yes
configure:12069: checking whether to build static libraries
configure:12073: result: no
configure:12160: checking for gcc
configure:12187: result: gcc
configure:12416: checking for C compiler version
configure:12425: gcc --version >&5
gcc (Ubuntu 5.4.0-6ubuntu1~16.04.12) 5.4.0 20160609
Copyright (C) 2015 Free Software Foundation, Inc.
This is free software; see the source for copying conditions.  There is NO
warranty; not even for MERCHANTABILITY or FITNESS FOR A PARTICULAR PURPOSE.

configure:12436: $? = 0
configure:12425: gcc -v >&5
Using built-in specs.
COLLECT_GCC=gcc
COLLECT_LTO_WRAPPER=/usr/lib/gcc/x86_64-linux-gnu/5/lto-wrapper
Target: x86_64-linux-gnu
Configured with: ../src/configure -v --with-pkgversion='Ubuntu 5.4.0-6ubuntu1~16.04.12' --with-bugurl=file:///usr/share/doc/gcc-5/README.Bugs --enable-languages=c,ada,c++,java,go,d,fortran,objc,obj-c++ --prefix=/usr --program-suffix=-5 --enable-shared --enable-linker-build-id --libexecdir=/usr/lib --without-included-gettext --enable-threads=posix --libdir=/usr/lib --enable-nls --with-sysroot=/ --enable-clocale=gnu --enable-libstdcxx-debug --enable-libstdcxx-time=yes --with-default-libstdcxx-abi=new --enable-gnu-unique-object --disable-vtable-verify --enable-libmpx --enable-plugin --with-system-zlib --disable-browser-plugin --enable-java-awt=gtk --enable-gtk-cairo --with-java-home=/usr/lib/jvm/java-1.5.0-gcj-5-amd64/jre --enable-java-home --with-jvm-root-dir=/usr/lib/jvm/java-1.5.0-gcj-5-amd64 --with-jvm-jar-dir=/usr/lib/jvm-exports/java-1.5.0-gcj-5-amd64 --with-arch-directory=amd64 --with-ecj-jar=/usr/share/java/eclipse-ecj.jar --enable-objc-gc --enable-multiarch --disable-werror --with-arch-32=i686 --with-abi=m64 --with-multilib-list=m32,m64,mx32 --enable-multilib --with-tune=generic --enable-checking=release --build=x86_64-linux-gnu --host=x86_64-linux-gnu --target=x86_64-linux-gnu
Thread model: posix
gcc version 5.4.0 20160609 (Ubuntu 5.4.0-6ubuntu1~16.04.12) 
configure:12436: $? = 0
configure:12425: gcc -V >&5
gcc: error: unrecognized command line option '-V'
gcc: fatal error: no input files
compilation terminated.
configure:12436: $? = 1
configure:12425: gcc -qversion >&5
gcc: error: unrecognized command line option '-qversion'
gcc: fatal error: no input files
compilation terminated.
configure:12436: $? = 1
configure:12440: checking whether we are using the GNU C compiler
configure:12468: result: yes
configure:12477: checking whether gcc accepts -g
configure:12538: result: yes
configure:12555: checking for gcc option to accept ISO C89
configure:12631: result: none needed
configure:12656: checking whether gcc understands -c and -o together
configure:12693: result: yes
configure:12712: checking dependency style of gcc
configure:12823: result: gcc3
configure:12845: checking for a sed that does not truncate output
configure:12909: result: /bin/sed
configure:12918: checking for gawk
configure:12945: result: gawk
configure:12958: checking for echo
configure:12976: found /bin/echo
configure:12988: result: /bin/echo
configure:13039: checking for rm
configure:13066: result: rm -f
configure:13152: checking for pkg-config
configure:13170: found /usr/bin/pkg-config
configure:13182: result: /usr/bin/pkg-config
configure:13207: checking pkg-config is at least version 0.9.0
configure:13210: result: yes
configure:13227: checking for how to set DSO symbol versions
configure:13232: result: -Wl,--version-script=
configure:13239: checking for LIBVIRT
configure:13246: $PKG_CONFIG --exists --print-errors "libvirt >= $LIBVIRT_REQUIRED"
configure:13249: $? = 0
configure:13263: $PKG_CONFIG --exists --print-errors "libvirt >= $LIBVIRT_REQUIRED"
configure:13266: $? = 0
configure:13324: result: yes
configure:13330: checking for QEMU
configure:13337: $PKG_CONFIG --exists --print-errors "libvirt-qemu"
configure:13340: $? = 0
configure:13354: $PKG_CONFIG --exists --print-errors "libvirt-qemu"
configure:13357: $? = 0
configure:13415: result: yes
configure:13442: checking for LIBXML
configure:13449: $PKG_CONFIG --exists --print-errors "libxml-2.0 >= $LIBXML_REQUIRED"
configure:13452: $? = 0
configure:13466: $PKG_CONFIG --exists --print-errors "libxml-2.0 >= $LIBXML_REQUIRED"
configure:13469: $? = 0
configure:13507: result: yes
configure:13570: checking for xsltproc
configure:13588: found /usr/bin/xsltproc
configure:13601: result: /usr/bin/xsltproc
configure:13615: checking for xmllint
configure:13633: found /usr/bin/xmllint
configure:13646: result: /usr/bin/xmllint
configure:13660: checking for xmlcatalog
configure:13678: found /usr/bin/xmlcatalog
configure:13691: result: /usr/bin/xmlcatalog
configure:13739: checking for php-config
configure:13770: result: no
configure:13781: error: php-config not found; please install the PHP SDK

## ---------------- ##
## Cache variables. ##
## ---------------- ##

ac_cv_build=x86_64-pc-linux-gnu
ac_cv_c_compiler_gnu=yes
ac_cv_env_CC_set=
ac_cv_env_CC_value=
ac_cv_env_CFLAGS_set=
ac_cv_env_CFLAGS_value=
ac_cv_env_CPPFLAGS_set=
ac_cv_env_CPPFLAGS_value=
ac_cv_env_CPP_set=
ac_cv_env_CPP_value=
ac_cv_env_LDFLAGS_set=
ac_cv_env_LDFLAGS_value=
ac_cv_env_LIBS_set=
ac_cv_env_LIBS_value=
ac_cv_env_LIBVIRT_CFLAGS_set=
ac_cv_env_LIBVIRT_CFLAGS_value=
ac_cv_env_LIBVIRT_LIBS_set=
ac_cv_env_LIBVIRT_LIBS_value=
ac_cv_env_LIBXML_CFLAGS_set=
ac_cv_env_LIBXML_CFLAGS_value=
ac_cv_env_LIBXML_LIBS_set=
ac_cv_env_LIBXML_LIBS_value=
ac_cv_env_LT_SYS_LIBRARY_PATH_set=
ac_cv_env_LT_SYS_LIBRARY_PATH_value=
ac_cv_env_PKG_CONFIG_LIBDIR_set=
ac_cv_env_PKG_CONFIG_LIBDIR_value=
ac_cv_env_PKG_CONFIG_PATH_set=
ac_cv_env_PKG_CONFIG_PATH_value=
ac_cv_env_PKG_CONFIG_set=
ac_cv_env_PKG_CONFIG_value=
ac_cv_env_QEMU_CFLAGS_set=
ac_cv_env_QEMU_CFLAGS_value=
ac_cv_env_QEMU_LIBS_set=
ac_cv_env_QEMU_LIBS_value=
ac_cv_env_build_alias_set=
ac_cv_env_build_alias_value=
ac_cv_env_host_alias_set=
ac_cv_env_host_alias_value=
ac_cv_env_target_alias_set=
ac_cv_env_target_alias_value=
ac_cv_header_dlfcn_h=yes
ac_cv_header_inttypes_h=yes
ac_cv_header_memory_h=yes
ac_cv_header_minix_config_h=no
ac_cv_header_stdc=yes
ac_cv_header_stdint_h=yes
ac_cv_header_stdlib_h=yes
ac_cv_header_string_h=yes
ac_cv_header_strings_h=yes
ac_cv_header_sys_stat_h=yes
ac_cv_header_sys_types_h=yes
ac_cv_header_unistd_h=yes
ac_cv_host=x86_64-pc-linux-gnu
ac_cv_objext=o
ac_cv_path_ECHO=/bin/echo
ac_cv_path_EGREP='/bin/grep -E'
ac_cv_path_FGREP='/bin/grep -F'
ac_cv_path_GREP=/bin/grep
ac_cv_path_PHPCONFIG=no
ac_cv_path_SED=/bin/sed
ac_cv_path_XMLCATALOG=/usr/bin/xmlcatalog
ac_cv_path_XMLLINT=/usr/bin/xmllint
ac_cv_path_XSLTPROC=/usr/bin/xsltproc
ac_cv_path_ac_pt_PKG_CONFIG=/usr/bin/pkg-config
ac_cv_path_install='/usr/bin/install -c'
ac_cv_path_lt_DD=/bin/dd
ac_cv_path_mkdir=/bin/mkdir
ac_cv_prog_AWK=gawk
ac_cv_prog_CPP='gcc -E'
ac_cv_prog_ac_ct_AR=ar
ac_cv_prog_ac_ct_CC=gcc
ac_cv_prog_ac_ct_MANIFEST_TOOL=mt
ac_cv_prog_ac_ct_OBJDUMP=objdump
ac_cv_prog_ac_ct_RANLIB=ranlib
ac_cv_prog_ac_ct_RM='rm -f'
ac_cv_prog_ac_ct_STRIP=strip
ac_cv_prog_cc_c89=
ac_cv_prog_cc_g=yes
ac_cv_prog_make_make_set=yes
ac_cv_safe_to_define___extensions__=yes
am_cv_CC_dependencies_compiler_type=gcc3
am_cv_make_support_nested_variables=yes
am_cv_prog_cc_c_o=yes
lt_cv_ar_at_file=@
lt_cv_archive_cmds_need_lc=no
lt_cv_deplibs_check_method=pass_all
lt_cv_file_magic_cmd='$MAGIC_CMD'
lt_cv_file_magic_test_file=
lt_cv_ld_reload_flag=-r
lt_cv_nm_interface='BSD nm'
lt_cv_objdir=.libs
lt_cv_path_LD=/usr/bin/ld
lt_cv_path_NM='/usr/bin/nm -B'
lt_cv_path_mainfest_tool=no
lt_cv_prog_compiler_c_o=yes
lt_cv_prog_compiler_pic='-fPIC -DPIC'
lt_cv_prog_compiler_pic_works=yes
lt_cv_prog_compiler_rtti_exceptions=no
lt_cv_prog_compiler_static_works=yes
lt_cv_prog_gnu_ld=yes
lt_cv_sharedlib_from_linklib_cmd='printf %s\n'
lt_cv_shlibpath_overrides_runpath=no
lt_cv_sys_global_symbol_pipe='sed -n -e '\''s/^.*[	 ]\([ABCDGIRSTW][ABCDGIRSTW]*\)[	 ][	 ]*\([_A-Za-z][_A-Za-z0-9]*\)$/\1 \2 \2/p'\'' | sed '\''/ __gnu_lto/d'\'''
lt_cv_sys_global_symbol_to_c_name_address='sed -n -e '\''s/^: \(.*\) .*$/  {"\1", (void *) 0},/p'\'' -e '\''s/^[ABCDGIRSTW][ABCDGIRSTW]* .* \(.*\)$/  {"\1", (void *) \&\1},/p'\'''
lt_cv_sys_global_symbol_to_c_name_address_lib_prefix='sed -n -e '\''s/^: \(.*\) .*$/  {"\1", (void *) 0},/p'\'' -e '\''s/^[ABCDGIRSTW][ABCDGIRSTW]* .* \(lib.*\)$/  {"\1", (void *) \&\1},/p'\'' -e '\''s/^[ABCDGIRSTW][ABCDGIRSTW]* .* \(.*\)$/  {"lib\1", (void *) \&\1},/p'\'''
lt_cv_sys_global_symbol_to_cdecl='sed -n -e '\''s/^T .* \(.*\)$/extern int \1();/p'\'' -e '\''s/^[ABCDGIRSTW][ABCDGIRSTW]* .* \(.*\)$/extern char \1;/p'\'''
lt_cv_sys_global_symbol_to_import=
lt_cv_sys_max_cmd_len=1572864
lt_cv_to_host_file_cmd=func_convert_file_noop
lt_cv_to_tool_file_cmd=func_convert_file_noop
lt_cv_truncate_bin='/bin/dd bs=4096 count=1'
pkg_cv_LIBVIRT_CFLAGS=
pkg_cv_LIBVIRT_LIBS=-lvirt
pkg_cv_LIBXML_CFLAGS=-I/usr/include/libxml2
pkg_cv_LIBXML_LIBS=-lxml2
pkg_cv_QEMU_CFLAGS=
pkg_cv_QEMU_LIBS='-lvirt-qemu -lvirt'

## ----------------- ##
## Output variables. ##
## ----------------- ##

ACLOCAL='${SHELL} /home/remi/ProjectLibvirt/demo/libvirt-php-0.5.4/missing aclocal-1.15'
AMDEPBACKSLASH='\'
AMDEP_FALSE='#'
AMDEP_TRUE=''
AMTAR='$${TAR-tar}'
AM_BACKSLASH='\'
AM_DEFAULT_V='$(AM_DEFAULT_VERBOSITY)'
AM_DEFAULT_VERBOSITY='1'
AM_V='$(V)'
AR='ar'
AUTOCONF='${SHELL} /home/remi/ProjectLibvirt/demo/libvirt-php-0.5.4/missing autoconf'
AUTOHEADER='${SHELL} /home/remi/ProjectLibvirt/demo/libvirt-php-0.5.4/missing autoheader'
AUTOMAKE='${SHELL} /home/remi/ProjectLibvirt/demo/libvirt-php-0.5.4/missing automake-1.15'
AWK='gawk'
CC='gcc'
CCDEPMODE='depmode=gcc3'
CFLAGS='-g -O2'
CPP='gcc -E'
CPPFLAGS=''
CYGPATH_W='echo'
DEFS=''
DEPDIR='.deps'
DLLTOOL='false'
DSYMUTIL=''
DUMPBIN=''
ECHO='/bin/echo'
ECHO_C=''
ECHO_N='-n'
ECHO_T=''
EGREP='/bin/grep -E'
EXEEXT=''
FGREP='/bin/grep -F'
GREP='/bin/grep'
HTML_DIR='$(datadir)/doc/$(PACKAGE)-$(VERSION)/html'
INSTALL_DATA='${INSTALL} -m 644'
INSTALL_PROGRAM='${INSTALL}'
INSTALL_SCRIPT='${INSTALL}'
INSTALL_STRIP_PROGRAM='$(install_sh) -c -s'
LD='/usr/bin/ld -m elf_x86_64'
LDFLAGS=''
LIBOBJS=''
LIBS=''
LIBTOOL='$(SHELL) $(top_builddir)/libtool'
LIBVIRT_CFLAGS=''
LIBVIRT_LIBS='-lvirt'
LIBXML_CFLAGS='-I/usr/include/libxml2'
LIBXML_LIBS='-lxml2'
LIPO=''
LN_S='ln -s'
LTLIBOBJS=''
LT_SYS_LIBRARY_PATH=''
MAINT=''
MAINTAINER_MODE_FALSE='#'
MAINTAINER_MODE_TRUE=''
MAKEINFO='${SHELL} /home/remi/ProjectLibvirt/demo/libvirt-php-0.5.4/missing makeinfo'
MANIFEST_TOOL=':'
MKDIR_P='/bin/mkdir -p'
NM='/usr/bin/nm -B'
NMEDIT=''
OBJDUMP='objdump'
OBJEXT='o'
OTOOL64=''
OTOOL=''
PACKAGE='libvirt-php'
PACKAGE_BUGREPORT='libvir-list@redhat.com'
PACKAGE_NAME='libvirt-php'
PACKAGE_STRING='libvirt-php 0.5.4'
PACKAGE_TARNAME='libvirt-php'
PACKAGE_URL='http://libvirt.org'
PACKAGE_VERSION='0.5.4'
PATH_SEPARATOR=':'
PHPCONFIG='no'
PHPIZE=''
PHP_CFLAGS=''
PHP_LDFLAGS=''
PKG_CONFIG='/usr/bin/pkg-config'
PKG_CONFIG_LIBDIR=''
PKG_CONFIG_PATH=''
QEMU_CFLAGS=''
QEMU_LIBS='-lvirt-qemu -lvirt'
RANLIB='ranlib'
RM='rm -f'
SED='/bin/sed'
SET_MAKE=''
SHELL='/bin/bash'
SHLIB_FLAGS=''
STRIP='strip'
VERSION='0.5.4'
VERSION_SCRIPT_FLAGS='-Wl,--version-script='
WL=''
XMLCATALOG='/usr/bin/xmlcatalog'
XMLLINT='/usr/bin/xmllint'
XML_CATALOG_FILE='/etc/xml/catalog'
XSLTPROC='/usr/bin/xsltproc'
ac_ct_AR='ar'
ac_ct_CC='gcc'
ac_ct_DUMPBIN=''
am__EXEEXT_FALSE=''
am__EXEEXT_TRUE=''
am__fastdepCC_FALSE='#'
am__fastdepCC_TRUE=''
am__include='include'
am__isrc=''
am__leading_dot='.'
am__nodep='_no'
am__quote=''
am__tar='$${TAR-tar} chof - "$$tardir"'
am__untar='$${TAR-tar} xf -'
bindir='${exec_prefix}/bin'
build='x86_64-pc-linux-gnu'
build_alias=''
build_cpu='x86_64'
build_os='linux-gnu'
build_vendor='pc'
confdir=''
datadir='${datarootdir}'
datarootdir='${prefix}/share'
docdir='${datarootdir}/doc/${PACKAGE_TARNAME}'
dvidir='${docdir}'
exec_prefix='NONE'
extensiondir=''
host='x86_64-pc-linux-gnu'
host_alias=''
host_cpu='x86_64'
host_os='linux-gnu'
host_vendor='pc'
htmldir='${docdir}'
includedir='${prefix}/include'
infodir='${datarootdir}/info'
install_sh='${SHELL} /home/remi/ProjectLibvirt/demo/libvirt-php-0.5.4/install-sh'
libdir='${exec_prefix}/lib'
libexecdir='${exec_prefix}/libexec'
localedir='${datarootdir}/locale'
localstatedir='${prefix}/var'
mandir='${datarootdir}/man'
mkdir_p='$(MKDIR_P)'
oldincludedir='/usr/include'
pdfdir='${docdir}'
phpbinary=''
prefix='NONE'
program_transform_name='s,x,x,'
psdir='${docdir}'
sbindir='${exec_prefix}/sbin'
sharedstatedir='${prefix}/com'
sysconfdir='${prefix}/etc'
target_alias=''

## ----------- ##
## confdefs.h. ##
## ----------- ##

/* confdefs.h */
#define PACKAGE_NAME "libvirt-php"
#define PACKAGE_TARNAME "libvirt-php"
#define PACKAGE_VERSION "0.5.4"
#define PACKAGE_STRING "libvirt-php 0.5.4"
#define PACKAGE_BUGREPORT "libvir-list@redhat.com"
#define PACKAGE_URL "http://libvirt.org"
#define PACKAGE "libvirt-php"
#define VERSION "0.5.4"
#define STDC_HEADERS 1
#define HAVE_SYS_TYPES_H 1
#define HAVE_SYS_STAT_H 1
#define HAVE_STDLIB_H 1
#define HAVE_STRING_H 1
#define HAVE_MEMORY_H 1
#define HAVE_STRINGS_H 1
#define HAVE_INTTYPES_H 1
#define HAVE_STDINT_H 1
#define HAVE_UNISTD_H 1
#define __EXTENSIONS__ 1
#define _ALL_SOURCE 1
#define _GNU_SOURCE 1
#define _POSIX_PTHREAD_SEMANTICS 1
#define _TANDEM_SOURCE 1
#define HAVE_DLFCN_H 1
#define LT_OBJDIR ".libs/"
#define VERSION_MAJOR 0
#define VERSION_MINOR 5
#define VERSION_MICRO 4

configure: exit 1
